Line 27: Class ComctlLib.Toolbar of control Toolbar1 was not a loaded control class.
Line 168: Class VSFlex6DAOCtl.vsFlexGrid of control vsRemito was not a loaded control class.
Line 252: Class VSFlex6DAOCtl.vsFlexGrid of control vsLocal was not a loaded control class.
Line 336: Class AACombo99.AACombo of control cLLocal was not a loaded control class.
Line 470: Class AACombo99.AACombo of control cTipo was not a loaded control class.
Line 519: Class AACombo99.AACombo of control cMoneda was not a loaded control class.
Line 538: Class VSFlex6DAOCtl.vsFlexGrid of control vsArticulo was not a loaded control class.
Line 736: Class ComctlLib.StatusBar of control Status was not a loaded control class.
Line 780: Class ComctlLib.ImageList of control ImageList1 was not a loaded control class.
Line 34: The property name _ExtentX in Toolbar1 is invalid.
Line 35: The property name _ExtentY in Toolbar1 is invalid.
Line 36: The property name ButtonWidth in Toolbar1 is invalid.
Line 37: The property name ButtonHeight in Toolbar1 is invalid.
Line 38: The property name AllowCustomize in Toolbar1 is invalid.
Line 40: The property name ImageList in Toolbar1 is invalid.
Line 41: The property name _Version in Toolbar1 is invalid.
Line 138: The property name Buttons in Toolbar1 is invalid.
Line 174: The property name _ExtentX in vsRemito is invalid.
Line 175: The property name _ExtentY in vsRemito is invalid.
Line 176: The property name _ConvInfo in vsRemito is invalid.
Line 192: The property name BackColorFixed in vsRemito is invalid.
Line 193: The property name ForeColorFixed in vsRemito is invalid.
Line 194: The property name BackColorSel in vsRemito is invalid.
Line 195: The property name ForeColorSel in vsRemito is invalid.
Line 196: The property name BackColorBkg in vsRemito is invalid.
Line 197: The property name BackColorAlternate in vsRemito is invalid.
Line 198: The property name GridColor in vsRemito is invalid.
Line 199: The property name GridColorFixed in vsRemito is invalid.
Line 200: The property name TreeColor in vsRemito is invalid.
Line 201: The property name FloodColor in vsRemito is invalid.
Line 202: The property name SheetBorder in vsRemito is invalid.
Line 203: The property name FocusRect in vsRemito is invalid.
Line 204: The property name HighLight in vsRemito is invalid.
Line 205: The property name AllowSelection in vsRemito is invalid.
Line 206: The property name AllowBigSelection in vsRemito is invalid.
Line 207: The property name AllowUserResizing in vsRemito is invalid.
Line 208: The property name SelectionMode in vsRemito is invalid.
Line 209: The property name GridLines in vsRemito is invalid.
Line 210: The property name GridLinesFixed in vsRemito is invalid.
Line 211: The property name GridLineWidth in vsRemito is invalid.
Line 212: The property name Rows in vsRemito is invalid.
Line 213: The property name Cols in vsRemito is invalid.
Line 214: The property name FixedRows in vsRemito is invalid.
Line 215: The property name FixedCols in vsRemito is invalid.
Line 216: The property name RowHeightMin in vsRemito is invalid.
Line 217: The property name RowHeightMax in vsRemito is invalid.
Line 218: The property name ColWidthMin in vsRemito is invalid.
Line 219: The property name ColWidthMax in vsRemito is invalid.
Line 220: The property name ExtendLastCol in vsRemito is invalid.
Line 221: The property name FormatString in vsRemito is invalid.
Line 222: The property name ScrollTrack in vsRemito is invalid.
Line 223: The property name ScrollBars in vsRemito is invalid.
Line 224: The property name ScrollTips in vsRemito is invalid.
Line 225: The property name MergeCells in vsRemito is invalid.
Line 226: The property name MergeCompare in vsRemito is invalid.
Line 227: The property name AutoResize in vsRemito is invalid.
Line 228: The property name AutoSizeMode in vsRemito is invalid.
Line 229: The property name AutoSearch in vsRemito is invalid.
Line 230: The property name MultiTotals in vsRemito is invalid.
Line 231: The property name SubtotalPosition in vsRemito is invalid.
Line 232: The property name OutlineBar in vsRemito is invalid.
Line 233: The property name OutlineCol in vsRemito is invalid.
Line 234: The property name Ellipsis in vsRemito is invalid.
Line 235: The property name ExplorerBar in vsRemito is invalid.
Line 236: The property name PicturesOver in vsRemito is invalid.
Line 239: The property name PictureType in vsRemito is invalid.
Line 240: The property name TabBehavior in vsRemito is invalid.
Line 241: The property name OwnerDraw in vsRemito is invalid.
Line 242: The property name Editable in vsRemito is invalid.
Line 243: The property name ShowComboButton in vsRemito is invalid.
Line 244: The property name WordWrap in vsRemito is invalid.
Line 245: The property name TextStyle in vsRemito is invalid.
Line 246: The property name TextStyleFixed in vsRemito is invalid.
Line 249: The property name DataMode in vsRemito is invalid.
Line 250: The property name VirtualData in vsRemito is invalid.
Line 258: The property name _ExtentX in vsLocal is invalid.
Line 259: The property name _ExtentY in vsLocal is invalid.
Line 260: The property name _ConvInfo in vsLocal is invalid.
Line 276: The property name BackColorFixed in vsLocal is invalid.
Line 277: The property name ForeColorFixed in vsLocal is invalid.
Line 278: The property name BackColorSel in vsLocal is invalid.
Line 279: The property name ForeColorSel in vsLocal is invalid.
Line 280: The property name BackColorBkg in vsLocal is invalid.
Line 281: The property name BackColorAlternate in vsLocal is invalid.
Line 282: The property name GridColor in vsLocal is invalid.
Line 283: The property name GridColorFixed in vsLocal is invalid.
Line 284: The property name TreeColor in vsLocal is invalid.
Line 285: The property name FloodColor in vsLocal is invalid.
Line 286: The property name SheetBorder in vsLocal is invalid.
Line 287: The property name FocusRect in vsLocal is invalid.
Line 288: The property name HighLight in vsLocal is invalid.
Line 289: The property name AllowSelection in vsLocal is invalid.
Line 290: The property name AllowBigSelection in vsLocal is invalid.
Line 291: The property name AllowUserResizing in vsLocal is invalid.
Line 292: The property name SelectionMode in vsLocal is invalid.
Line 293: The property name GridLines in vsLocal is invalid.
Line 294: The property name GridLinesFixed in vsLocal is invalid.
Line 295: The property name GridLineWidth in vsLocal is invalid.
Line 296: The property name Rows in vsLocal is invalid.
Line 297: The property name Cols in vsLocal is invalid.
Line 298: The property name FixedRows in vsLocal is invalid.
Line 299: The property name FixedCols in vsLocal is invalid.
Line 300: The property name RowHeightMin in vsLocal is invalid.
Line 301: The property name RowHeightMax in vsLocal is invalid.
Line 302: The property name ColWidthMin in vsLocal is invalid.
Line 303: The property name ColWidthMax in vsLocal is invalid.
Line 304: The property name ExtendLastCol in vsLocal is invalid.
Line 305: The property name FormatString in vsLocal is invalid.
Line 306: The property name ScrollTrack in vsLocal is invalid.
Line 307: The property name ScrollBars in vsLocal is invalid.
Line 308: The property name ScrollTips in vsLocal is invalid.
Line 309: The property name MergeCells in vsLocal is invalid.
Line 310: The property name MergeCompare in vsLocal is invalid.
Line 311: The property name AutoResize in vsLocal is invalid.
Line 312: The property name AutoSizeMode in vsLocal is invalid.
Line 313: The property name AutoSearch in vsLocal is invalid.
Line 314: The property name MultiTotals in vsLocal is invalid.
Line 315: The property name SubtotalPosition in vsLocal is invalid.
Line 316: The property name OutlineBar in vsLocal is invalid.
Line 317: The property name OutlineCol in vsLocal is invalid.
Line 318: The property name Ellipsis in vsLocal is invalid.
Line 319: The property name ExplorerBar in vsLocal is invalid.
Line 320: The property name PicturesOver in vsLocal is invalid.
Line 323: The property name PictureType in vsLocal is invalid.
Line 324: The property name TabBehavior in vsLocal is invalid.
Line 325: The property name OwnerDraw in vsLocal is invalid.
Line 326: The property name Editable in vsLocal is invalid.
Line 327: The property name ShowComboButton in vsLocal is invalid.
Line 328: The property name WordWrap in vsLocal is invalid.
Line 329: The property name TextStyle in vsLocal is invalid.
Line 330: The property name TextStyleFixed in vsLocal is invalid.
Line 333: The property name DataMode in vsLocal is invalid.
Line 334: The property name VirtualData in vsLocal is invalid.
Line 342: The property name _ExtentX in cLLocal is invalid.
Line 343: The property name _ExtentY in cLLocal is invalid.
Line 344: The property name ListIndex in cLLocal is invalid.
Line 476: The property name _ExtentX in cTipo is invalid.
Line 477: The property name _ExtentY in cTipo is invalid.
Line 478: The property name ListIndex in cTipo is invalid.
Line 525: The property name _ExtentX in cMoneda is invalid.
Line 526: The property name _ExtentY in cMoneda is invalid.
Line 527: The property name ListIndex in cMoneda is invalid.
Line 544: The property name _ExtentX in vsArticulo is invalid.
Line 545: The property name _ExtentY in vsArticulo is invalid.
Line 546: The property name _ConvInfo in vsArticulo is invalid.
Line 562: The property name BackColorFixed in vsArticulo is invalid.
Line 563: The property name ForeColorFixed in vsArticulo is invalid.
Line 564: The property name BackColorSel in vsArticulo is invalid.
Line 565: The property name ForeColorSel in vsArticulo is invalid.
Line 566: The property name BackColorBkg in vsArticulo is invalid.
Line 567: The property name BackColorAlternate in vsArticulo is invalid.
Line 568: The property name GridColor in vsArticulo is invalid.
Line 569: The property name GridColorFixed in vsArticulo is invalid.
Line 570: The property name TreeColor in vsArticulo is invalid.
Line 571: The property name FloodColor in vsArticulo is invalid.
Line 572: The property name SheetBorder in vsArticulo is invalid.
Line 573: The property name FocusRect in vsArticulo is invalid.
Line 574: The property name HighLight in vsArticulo is invalid.
Line 575: The property name AllowSelection in vsArticulo is invalid.
Line 576: The property name AllowBigSelection in vsArticulo is invalid.
Line 577: The property name AllowUserResizing in vsArticulo is invalid.
Line 578: The property name SelectionMode in vsArticulo is invalid.
Line 579: The property name GridLines in vsArticulo is invalid.
Line 580: The property name GridLinesFixed in vsArticulo is invalid.
Line 581: The property name GridLineWidth in vsArticulo is invalid.
Line 582: The property name Rows in vsArticulo is invalid.
Line 583: The property name Cols in vsArticulo is invalid.
Line 584: The property name FixedRows in vsArticulo is invalid.
Line 585: The property name FixedCols in vsArticulo is invalid.
Line 586: The property name RowHeightMin in vsArticulo is invalid.
Line 587: The property name RowHeightMax in vsArticulo is invalid.
Line 588: The property name ColWidthMin in vsArticulo is invalid.
Line 589: The property name ColWidthMax in vsArticulo is invalid.
Line 590: The property name ExtendLastCol in vsArticulo is invalid.
Line 591: The property name FormatString in vsArticulo is invalid.
Line 592: The property name ScrollTrack in vsArticulo is invalid.
Line 593: The property name ScrollBars in vsArticulo is invalid.
Line 594: The property name ScrollTips in vsArticulo is invalid.
Line 595: The property name MergeCells in vsArticulo is invalid.
Line 596: The property name MergeCompare in vsArticulo is invalid.
Line 597: The property name AutoResize in vsArticulo is invalid.
Line 598: The property name AutoSizeMode in vsArticulo is invalid.
Line 599: The property name AutoSearch in vsArticulo is invalid.
Line 600: The property name MultiTotals in vsArticulo is invalid.
Line 601: The property name SubtotalPosition in vsArticulo is invalid.
Line 602: The property name OutlineBar in vsArticulo is invalid.
Line 603: The property name OutlineCol in vsArticulo is invalid.
Line 604: The property name Ellipsis in vsArticulo is invalid.
Line 605: The property name ExplorerBar in vsArticulo is invalid.
Line 606: The property name PicturesOver in vsArticulo is invalid.
Line 609: The property name PictureType in vsArticulo is invalid.
Line 610: The property name TabBehavior in vsArticulo is invalid.
Line 611: The property name OwnerDraw in vsArticulo is invalid.
Line 612: The property name Editable in vsArticulo is invalid.
Line 613: The property name ShowComboButton in vsArticulo is invalid.
Line 614: The property name WordWrap in vsArticulo is invalid.
Line 615: The property name TextStyle in vsArticulo is invalid.
Line 616: The property name TextStyleFixed in vsArticulo is invalid.
Line 619: The property name DataMode in vsArticulo is invalid.
Line 620: The property name VirtualData in vsArticulo is invalid.
Line 743: The property name _ExtentX in Status is invalid.
Line 744: The property name _ExtentY in Status is invalid.
Line 745: The property name SimpleText in Status is invalid.
Line 746: The property name _Version in Status is invalid.
Line 778: The property name Panels in Status is invalid.
Line 783: The property name _ExtentX in ImageList1 is invalid.
Line 784: The property name _ExtentY in ImageList1 is invalid.
Line 786: The property name ImageWidth in ImageList1 is invalid.
Line 787: The property name ImageHeight in ImageList1 is invalid.
Line 788: The property name MaskColor in ImageList1 is invalid.
Line 789: The property name _Version in ImageList1 is invalid.
Line 828: The property name Images in ImageList1 is invalid.
