Line 261: Class orctFecha.orFecha of control tDesde was not a loaded control class.
Line 330: Class orctFecha.orFecha of control tHasta was not a loaded control class.
Line 267: The property name _ExtentX in tDesde is invalid.
Line 268: The property name _ExtentY in tDesde is invalid.
Line 278: The property name Object.Width in tDesde is invalid.
Line 279: The property name EnabledMes in tDesde is invalid.
Line 280: The property name EnabledAño in tDesde is invalid.
Line 281: The property name EnabledPrimerUltimoDia in tDesde is invalid.
Line 282: The property name FechaFormato in tDesde is invalid.
Line 336: The property name _ExtentX in tHasta is invalid.
Line 337: The property name _ExtentY in tHasta is invalid.
Line 347: The property name Object.Width in tHasta is invalid.
Line 348: The property name EnabledMes in tHasta is invalid.
Line 349: The property name EnabledAño in tHasta is invalid.
Line 350: The property name EnabledPrimerUltimoDia in tHasta is invalid.
Line 351: The property name FechaFormato in tHasta is invalid.
Line 267: The property name _ExtentX in tDesde is invalid.
Line 268: The property name _ExtentY in tDesde is invalid.
Line 278: The property name Object.Width in tDesde is invalid.
Line 279: The property name EnabledMes in tDesde is invalid.
Line 280: The property name EnabledAño in tDesde is invalid.
Line 281: The property name EnabledPrimerUltimoDia in tDesde is invalid.
Line 282: The property name FechaFormato in tDesde is invalid.
Line 336: The property name _ExtentX in tHasta is invalid.
Line 337: The property name _ExtentY in tHasta is invalid.
Line 347: The property name Object.Width in tHasta is invalid.
Line 348: The property name EnabledMes in tHasta is invalid.
Line 349: The property name EnabledAño in tHasta is invalid.
Line 350: The property name EnabledPrimerUltimoDia in tHasta is invalid.
Line 351: The property name FechaFormato in tHasta is invalid.
