Line 26: Class AACombo99.AACombo of control cLocal was not a loaded control class.
Line 46: Class AACombo99.AACombo of control cEstadoViejo was not a loaded control class.
Line 66: Class AACombo99.AACombo of control cEstadoNuevo was not a loaded control class.
Line 86: Class MSComctlLib.Toolbar of control Toolbar1 was not a loaded control class.
Line 227: Class MSComctlLib.ListView of control lvArticulo was not a loaded control class.
Line 305: Class MSComctlLib.StatusBar of control Status was not a loaded control class.
Line 328: Class MSComctlLib.ImageList of control ImageList1 was not a loaded control class.
Line 32: The property name _ExtentX in cLocal is invalid.
Line 33: The property name _ExtentY in cLocal is invalid.
Line 35: The property name ListIndex in cLocal is invalid.
Line 52: The property name _ExtentX in cEstadoViejo is invalid.
Line 53: The property name _ExtentY in cEstadoViejo is invalid.
Line 55: The property name ListIndex in cEstadoViejo is invalid.
Line 72: The property name _ExtentX in cEstadoNuevo is invalid.
Line 73: The property name _ExtentY in cEstadoNuevo is invalid.
Line 75: The property name ListIndex in cEstadoNuevo is invalid.
Line 93: The property name _ExtentX in Toolbar1 is invalid.
Line 94: The property name _ExtentY in Toolbar1 is invalid.
Line 95: The property name ButtonWidth in Toolbar1 is invalid.
Line 96: The property name ButtonHeight in Toolbar1 is invalid.
Line 98: The property name ImageList in Toolbar1 is invalid.
Line 99: The property name _Version in Toolbar1 is invalid.
Line 155: The property name Buttons in Toolbar1 is invalid.
Line 233: The property name _ExtentX in lvArticulo is invalid.
Line 234: The property name _ExtentY in lvArticulo is invalid.
Line 235: The property name View in lvArticulo is invalid.
Line 236: The property name LabelWrap in lvArticulo is invalid.
Line 237: The property name HideSelection in lvArticulo is invalid.
Line 238: The property name _Version in lvArticulo is invalid.
Line 243: The property name NumItems in lvArticulo is invalid.
Line 247: The property name ColumnHeader(1) in lvArticulo is invalid.
Line 252: The property name ColumnHeader(2) in lvArticulo is invalid.
Line 257: The property name ColumnHeader(3) in lvArticulo is invalid.
Line 262: The property name ColumnHeader(4) in lvArticulo is invalid.
Line 267: The property name ColumnHeader(5) in lvArticulo is invalid.
Line 312: The property name _ExtentX in Status is invalid.
Line 313: The property name _ExtentY in Status is invalid.
Line 314: The property name Style in Status is invalid.
Line 315: The property name _Version in Status is invalid.
Line 317: The property name Panels in Status is invalid.
Line 331: The property name _ExtentX in ImageList1 is invalid.
Line 332: The property name _ExtentY in ImageList1 is invalid.
Line 334: The property name ImageWidth in ImageList1 is invalid.
Line 335: The property name ImageHeight in ImageList1 is invalid.
Line 336: The property name MaskColor in ImageList1 is invalid.
Line 337: The property name _Version in ImageList1 is invalid.
Line 372: The property name Images in ImageList1 is invalid.
