Line 277: Class VSFlex6DAOCtl.vsFlexGrid of control vsErrores was not a loaded control class.
Line 362: Class MSComctlLib.TabStrip of control tabCaja was not a loaded control class.
Line 400: Class VSFlex6DAOCtl.vsFlexGrid of control vsIngresos was not a loaded control class.
Line 484: Class VSFlex6DAOCtl.vsFlexGrid of control vsLista was not a loaded control class.
Line 885: Class AACombo99.AACombo of control cDisponibilidad was not a loaded control class.
Line 904: Class MSComCtl2.DTPicker of control dFecha was not a loaded control class.
Line 946: Class MSComctlLib.StatusBar of control Status was not a loaded control class.
Line 980: Class vsViewLib.vsPrinter of control vsPrinter was not a loaded control class.
Line 1013: Class MSComctlLib.ImageList of control img1 was not a loaded control class.
Line 283: The property name _ExtentX in vsErrores is invalid.
Line 284: The property name _ExtentY in vsErrores is invalid.
Line 285: The property name _ConvInfo in vsErrores is invalid.
Line 301: The property name BackColorFixed in vsErrores is invalid.
Line 302: The property name ForeColorFixed in vsErrores is invalid.
Line 303: The property name BackColorSel in vsErrores is invalid.
Line 304: The property name ForeColorSel in vsErrores is invalid.
Line 305: The property name BackColorBkg in vsErrores is invalid.
Line 306: The property name BackColorAlternate in vsErrores is invalid.
Line 307: The property name GridColor in vsErrores is invalid.
Line 308: The property name GridColorFixed in vsErrores is invalid.
Line 309: The property name TreeColor in vsErrores is invalid.
Line 310: The property name FloodColor in vsErrores is invalid.
Line 311: The property name SheetBorder in vsErrores is invalid.
Line 312: The property name FocusRect in vsErrores is invalid.
Line 313: The property name HighLight in vsErrores is invalid.
Line 314: The property name AllowSelection in vsErrores is invalid.
Line 315: The property name AllowBigSelection in vsErrores is invalid.
Line 316: The property name AllowUserResizing in vsErrores is invalid.
Line 317: The property name SelectionMode in vsErrores is invalid.
Line 318: The property name GridLines in vsErrores is invalid.
Line 319: The property name GridLinesFixed in vsErrores is invalid.
Line 320: The property name GridLineWidth in vsErrores is invalid.
Line 321: The property name Rows in vsErrores is invalid.
Line 322: The property name Cols in vsErrores is invalid.
Line 323: The property name FixedRows in vsErrores is invalid.
Line 324: The property name FixedCols in vsErrores is invalid.
Line 325: The property name RowHeightMin in vsErrores is invalid.
Line 326: The property name RowHeightMax in vsErrores is invalid.
Line 327: The property name ColWidthMin in vsErrores is invalid.
Line 328: The property name ColWidthMax in vsErrores is invalid.
Line 329: The property name ExtendLastCol in vsErrores is invalid.
Line 330: The property name FormatString in vsErrores is invalid.
Line 331: The property name ScrollTrack in vsErrores is invalid.
Line 332: The property name ScrollBars in vsErrores is invalid.
Line 333: The property name ScrollTips in vsErrores is invalid.
Line 334: The property name MergeCells in vsErrores is invalid.
Line 335: The property name MergeCompare in vsErrores is invalid.
Line 336: The property name AutoResize in vsErrores is invalid.
Line 337: The property name AutoSizeMode in vsErrores is invalid.
Line 338: The property name AutoSearch in vsErrores is invalid.
Line 339: The property name MultiTotals in vsErrores is invalid.
Line 340: The property name SubtotalPosition in vsErrores is invalid.
Line 341: The property name OutlineBar in vsErrores is invalid.
Line 342: The property name OutlineCol in vsErrores is invalid.
Line 343: The property name Ellipsis in vsErrores is invalid.
Line 344: The property name ExplorerBar in vsErrores is invalid.
Line 345: The property name PicturesOver in vsErrores is invalid.
Line 348: The property name PictureType in vsErrores is invalid.
Line 349: The property name TabBehavior in vsErrores is invalid.
Line 350: The property name OwnerDraw in vsErrores is invalid.
Line 351: The property name Editable in vsErrores is invalid.
Line 352: The property name ShowComboButton in vsErrores is invalid.
Line 353: The property name WordWrap in vsErrores is invalid.
Line 354: The property name TextStyle in vsErrores is invalid.
Line 355: The property name TextStyleFixed in vsErrores is invalid.
Line 358: The property name DataMode in vsErrores is invalid.
Line 359: The property name VirtualData in vsErrores is invalid.
Line 368: The property name _ExtentX in tabCaja is invalid.
Line 369: The property name _ExtentY in tabCaja is invalid.
Line 370: The property name TabWidthStyle in tabCaja is invalid.
Line 371: The property name TabMinWidth in tabCaja is invalid.
Line 372: The property name _Version in tabCaja is invalid.
Line 390: The property name Tabs in tabCaja is invalid.
Line 406: The property name _ExtentX in vsIngresos is invalid.
Line 407: The property name _ExtentY in vsIngresos is invalid.
Line 408: The property name _ConvInfo in vsIngresos is invalid.
Line 424: The property name BackColorFixed in vsIngresos is invalid.
Line 425: The property name ForeColorFixed in vsIngresos is invalid.
Line 426: The property name BackColorSel in vsIngresos is invalid.
Line 427: The property name ForeColorSel in vsIngresos is invalid.
Line 428: The property name BackColorBkg in vsIngresos is invalid.
Line 429: The property name BackColorAlternate in vsIngresos is invalid.
Line 430: The property name GridColor in vsIngresos is invalid.
Line 431: The property name GridColorFixed in vsIngresos is invalid.
Line 432: The property name TreeColor in vsIngresos is invalid.
Line 433: The property name FloodColor in vsIngresos is invalid.
Line 434: The property name SheetBorder in vsIngresos is invalid.
Line 435: The property name FocusRect in vsIngresos is invalid.
Line 436: The property name HighLight in vsIngresos is invalid.
Line 437: The property name AllowSelection in vsIngresos is invalid.
Line 438: The property name AllowBigSelection in vsIngresos is invalid.
Line 439: The property name AllowUserResizing in vsIngresos is invalid.
Line 440: The property name SelectionMode in vsIngresos is invalid.
Line 441: The property name GridLines in vsIngresos is invalid.
Line 442: The property name GridLinesFixed in vsIngresos is invalid.
Line 443: The property name GridLineWidth in vsIngresos is invalid.
Line 444: The property name Rows in vsIngresos is invalid.
Line 445: The property name Cols in vsIngresos is invalid.
Line 446: The property name FixedRows in vsIngresos is invalid.
Line 447: The property name FixedCols in vsIngresos is invalid.
Line 448: The property name RowHeightMin in vsIngresos is invalid.
Line 449: The property name RowHeightMax in vsIngresos is invalid.
Line 450: The property name ColWidthMin in vsIngresos is invalid.
Line 451: The property name ColWidthMax in vsIngresos is invalid.
Line 452: The property name ExtendLastCol in vsIngresos is invalid.
Line 453: The property name FormatString in vsIngresos is invalid.
Line 454: The property name ScrollTrack in vsIngresos is invalid.
Line 455: The property name ScrollBars in vsIngresos is invalid.
Line 456: The property name ScrollTips in vsIngresos is invalid.
Line 457: The property name MergeCells in vsIngresos is invalid.
Line 458: The property name MergeCompare in vsIngresos is invalid.
Line 459: The property name AutoResize in vsIngresos is invalid.
Line 460: The property name AutoSizeMode in vsIngresos is invalid.
Line 461: The property name AutoSearch in vsIngresos is invalid.
Line 462: The property name MultiTotals in vsIngresos is invalid.
Line 463: The property name SubtotalPosition in vsIngresos is invalid.
Line 464: The property name OutlineBar in vsIngresos is invalid.
Line 465: The property name OutlineCol in vsIngresos is invalid.
Line 466: The property name Ellipsis in vsIngresos is invalid.
Line 467: The property name ExplorerBar in vsIngresos is invalid.
Line 468: The property name PicturesOver in vsIngresos is invalid.
Line 471: The property name PictureType in vsIngresos is invalid.
Line 472: The property name TabBehavior in vsIngresos is invalid.
Line 473: The property name OwnerDraw in vsIngresos is invalid.
Line 474: The property name Editable in vsIngresos is invalid.
Line 475: The property name ShowComboButton in vsIngresos is invalid.
Line 476: The property name WordWrap in vsIngresos is invalid.
Line 477: The property name TextStyle in vsIngresos is invalid.
Line 478: The property name TextStyleFixed in vsIngresos is invalid.
Line 481: The property name DataMode in vsIngresos is invalid.
Line 482: The property name VirtualData in vsIngresos is invalid.
Line 490: The property name _ExtentX in vsLista is invalid.
Line 491: The property name _ExtentY in vsLista is invalid.
Line 492: The property name _ConvInfo in vsLista is invalid.
Line 508: The property name BackColorFixed in vsLista is invalid.
Line 509: The property name ForeColorFixed in vsLista is invalid.
Line 510: The property name BackColorSel in vsLista is invalid.
Line 511: The property name ForeColorSel in vsLista is invalid.
Line 512: The property name BackColorBkg in vsLista is invalid.
Line 513: The property name BackColorAlternate in vsLista is invalid.
Line 514: The property name GridColor in vsLista is invalid.
Line 515: The property name GridColorFixed in vsLista is invalid.
Line 516: The property name TreeColor in vsLista is invalid.
Line 517: The property name FloodColor in vsLista is invalid.
Line 518: The property name SheetBorder in vsLista is invalid.
Line 519: The property name FocusRect in vsLista is invalid.
Line 520: The property name HighLight in vsLista is invalid.
Line 521: The property name AllowSelection in vsLista is invalid.
Line 522: The property name AllowBigSelection in vsLista is invalid.
Line 523: The property name AllowUserResizing in vsLista is invalid.
Line 524: The property name SelectionMode in vsLista is invalid.
Line 525: The property name GridLines in vsLista is invalid.
Line 526: The property name GridLinesFixed in vsLista is invalid.
Line 527: The property name GridLineWidth in vsLista is invalid.
Line 528: The property name Rows in vsLista is invalid.
Line 529: The property name Cols in vsLista is invalid.
Line 530: The property name FixedRows in vsLista is invalid.
Line 531: The property name FixedCols in vsLista is invalid.
Line 532: The property name RowHeightMin in vsLista is invalid.
Line 533: The property name RowHeightMax in vsLista is invalid.
Line 534: The property name ColWidthMin in vsLista is invalid.
Line 535: The property name ColWidthMax in vsLista is invalid.
Line 536: The property name ExtendLastCol in vsLista is invalid.
Line 537: The property name FormatString in vsLista is invalid.
Line 538: The property name ScrollTrack in vsLista is invalid.
Line 539: The property name ScrollBars in vsLista is invalid.
Line 540: The property name ScrollTips in vsLista is invalid.
Line 541: The property name MergeCells in vsLista is invalid.
Line 542: The property name MergeCompare in vsLista is invalid.
Line 543: The property name AutoResize in vsLista is invalid.
Line 544: The property name AutoSizeMode in vsLista is invalid.
Line 545: The property name AutoSearch in vsLista is invalid.
Line 546: The property name MultiTotals in vsLista is invalid.
Line 547: The property name SubtotalPosition in vsLista is invalid.
Line 548: The property name OutlineBar in vsLista is invalid.
Line 549: The property name OutlineCol in vsLista is invalid.
Line 550: The property name Ellipsis in vsLista is invalid.
Line 551: The property name ExplorerBar in vsLista is invalid.
Line 552: The property name PicturesOver in vsLista is invalid.
Line 555: The property name PictureType in vsLista is invalid.
Line 556: The property name TabBehavior in vsLista is invalid.
Line 557: The property name OwnerDraw in vsLista is invalid.
Line 558: The property name Editable in vsLista is invalid.
Line 559: The property name ShowComboButton in vsLista is invalid.
Line 560: The property name WordWrap in vsLista is invalid.
Line 561: The property name TextStyle in vsLista is invalid.
Line 562: The property name TextStyleFixed in vsLista is invalid.
Line 565: The property name DataMode in vsLista is invalid.
Line 566: The property name VirtualData in vsLista is invalid.
Line 891: The property name _ExtentX in cDisponibilidad is invalid.
Line 892: The property name _ExtentY in cDisponibilidad is invalid.
Line 893: The property name ListIndex in cDisponibilidad is invalid.
Line 910: The property name _ExtentX in dFecha is invalid.
Line 911: The property name _ExtentY in dFecha is invalid.
Line 912: The property name _Version in dFecha is invalid.
Line 913: The property name Format in dFecha is invalid.
Line 914: The property name CurrentDate in dFecha is invalid.
Line 953: The property name _ExtentX in Status is invalid.
Line 954: The property name _ExtentY in Status is invalid.
Line 955: The property name _Version in Status is invalid.
Line 978: The property name Panels in Status is invalid.
Line 987: The property name _Version in vsPrinter is invalid.
Line 988: The property name _ExtentX in vsPrinter is invalid.
Line 989: The property name _ExtentY in vsPrinter is invalid.
Line 990: The property name _StockProps in vsPrinter is invalid.
Line 1009: The property name HdrFont in vsPrinter is invalid.
Line 1010: The property name ConvInfo in vsPrinter is invalid.
Line 1011: The property name Zoom in vsPrinter is invalid.
Line 1016: The property name _ExtentX in img1 is invalid.
Line 1017: The property name _ExtentY in img1 is invalid.
Line 1019: The property name ImageWidth in img1 is invalid.
Line 1020: The property name ImageHeight in img1 is invalid.
Line 1021: The property name MaskColor in img1 is invalid.
Line 1022: The property name _Version in img1 is invalid.
Line 1065: The property name Images in img1 is invalid.
