Line 34: Class oirComboBox.orComboBox of control cbTipo was not a loaded control class.
Line 61: Class MSComctlLib.Toolbar of control Toolbar1 was not a loaded control class.
Line 116: Class MSComctlLib.ImageList of control ImageList1 was not a loaded control class.
Line 146: Class VSFlex8LCtl.VSFlexGrid of control vsQuery was not a loaded control class.
Line 40: The property name _ExtentX in cbTipo is invalid.
Line 41: The property name _ExtentY in cbTipo is invalid.
Line 51: The property name Text in cbTipo is invalid.
Line 68: The property name _ExtentX in Toolbar1 is invalid.
Line 69: The property name _ExtentY in Toolbar1 is invalid.
Line 70: The property name ButtonWidth in Toolbar1 is invalid.
Line 71: The property name ButtonHeight in Toolbar1 is invalid.
Line 73: The property name Style in Toolbar1 is invalid.
Line 74: The property name TextAlignment in Toolbar1 is invalid.
Line 75: The property name ImageList in Toolbar1 is invalid.
Line 76: The property name _Version in Toolbar1 is invalid.
Line 105: The property name Buttons in Toolbar1 is invalid.
Line 119: The property name _ExtentX in ImageList1 is invalid.
Line 120: The property name _ExtentY in ImageList1 is invalid.
Line 122: The property name ImageWidth in ImageList1 is invalid.
Line 123: The property name ImageHeight in ImageList1 is invalid.
Line 124: The property name MaskColor in ImageList1 is invalid.
Line 125: The property name _Version in ImageList1 is invalid.
Line 144: The property name Images in ImageList1 is invalid.
Line 152: The property name _cx in vsQuery is invalid.
Line 153: The property name _cy in vsQuery is invalid.
Line 169: The property name BackColorFixed in vsQuery is invalid.
Line 170: The property name ForeColorFixed in vsQuery is invalid.
Line 171: The property name BackColorSel in vsQuery is invalid.
Line 172: The property name ForeColorSel in vsQuery is invalid.
Line 173: The property name BackColorBkg in vsQuery is invalid.
Line 174: The property name BackColorAlternate in vsQuery is invalid.
Line 175: The property name GridColor in vsQuery is invalid.
Line 176: The property name GridColorFixed in vsQuery is invalid.
Line 177: The property name TreeColor in vsQuery is invalid.
Line 178: The property name FloodColor in vsQuery is invalid.
Line 179: The property name SheetBorder in vsQuery is invalid.
Line 180: The property name FocusRect in vsQuery is invalid.
Line 181: The property name HighLight in vsQuery is invalid.
Line 182: The property name AllowSelection in vsQuery is invalid.
Line 183: The property name AllowBigSelection in vsQuery is invalid.
Line 184: The property name AllowUserResizing in vsQuery is invalid.
Line 185: The property name SelectionMode in vsQuery is invalid.
Line 186: The property name GridLines in vsQuery is invalid.
Line 187: The property name GridLinesFixed in vsQuery is invalid.
Line 188: The property name GridLineWidth in vsQuery is invalid.
Line 189: The property name Rows in vsQuery is invalid.
Line 190: The property name Cols in vsQuery is invalid.
Line 191: The property name FixedRows in vsQuery is invalid.
Line 192: The property name FixedCols in vsQuery is invalid.
Line 193: The property name RowHeightMin in vsQuery is invalid.
Line 194: The property name RowHeightMax in vsQuery is invalid.
Line 195: The property name ColWidthMin in vsQuery is invalid.
Line 196: The property name ColWidthMax in vsQuery is invalid.
Line 197: The property name ExtendLastCol in vsQuery is invalid.
Line 198: The property name FormatString in vsQuery is invalid.
Line 199: The property name ScrollTrack in vsQuery is invalid.
Line 200: The property name ScrollBars in vsQuery is invalid.
Line 201: The property name ScrollTips in vsQuery is invalid.
Line 202: The property name MergeCells in vsQuery is invalid.
Line 203: The property name MergeCompare in vsQuery is invalid.
Line 204: The property name AutoResize in vsQuery is invalid.
Line 205: The property name AutoSizeMode in vsQuery is invalid.
Line 206: The property name AutoSearch in vsQuery is invalid.
Line 207: The property name AutoSearchDelay in vsQuery is invalid.
Line 208: The property name MultiTotals in vsQuery is invalid.
Line 209: The property name SubtotalPosition in vsQuery is invalid.
Line 210: The property name OutlineBar in vsQuery is invalid.
Line 211: The property name OutlineCol in vsQuery is invalid.
Line 212: The property name Ellipsis in vsQuery is invalid.
Line 213: The property name ExplorerBar in vsQuery is invalid.
Line 214: The property name PicturesOver in vsQuery is invalid.
Line 217: The property name PictureType in vsQuery is invalid.
Line 218: The property name TabBehavior in vsQuery is invalid.
Line 219: The property name OwnerDraw in vsQuery is invalid.
Line 220: The property name Editable in vsQuery is invalid.
Line 221: The property name ShowComboButton in vsQuery is invalid.
Line 222: The property name WordWrap in vsQuery is invalid.
Line 223: The property name TextStyle in vsQuery is invalid.
Line 224: The property name TextStyleFixed in vsQuery is invalid.
Line 227: The property name ComboSearch in vsQuery is invalid.
Line 228: The property name AutoSizeMouse in vsQuery is invalid.
Line 229: The property name FrozenRows in vsQuery is invalid.
Line 230: The property name FrozenCols in vsQuery is invalid.
Line 231: The property name AllowUserFreezing in vsQuery is invalid.
Line 232: The property name BackColorFrozen in vsQuery is invalid.
Line 233: The property name ForeColorFrozen in vsQuery is invalid.
Line 234: The property name WallPaperAlignment in vsQuery is invalid.
Line 235: The property name AccessibleName in vsQuery is invalid.
Line 236: The property name AccessibleDescription in vsQuery is invalid.
Line 237: The property name AccessibleValue in vsQuery is invalid.
Line 238: The property name AccessibleRole in vsQuery is invalid.
