Line 122: Class VSFlex6DAOCtl.vsFlexGrid of control vsLocal was not a loaded control class.
Line 206: Class VSFlex6DAOCtl.vsFlexGrid of control vsConsulta was not a loaded control class.
Line 290: Class vsViewLib.vsPrinter of control vsListado was not a loaded control class.
Line 317: Class MSComctlLib.StatusBar of control Status was not a loaded control class.
Line 359: Class prjFindArticulo.orArticulo of control tArticulo was not a loaded control class.
Line 458: Class MSComctlLib.ImageList of control imgExplore was not a loaded control class.
Line 536: Class MSComctlLib.Toolbar of control tbExplorer was not a loaded control class.
Line 128: The property name _ExtentX in vsLocal is invalid.
Line 129: The property name _ExtentY in vsLocal is invalid.
Line 130: The property name _ConvInfo in vsLocal is invalid.
Line 146: The property name BackColorFixed in vsLocal is invalid.
Line 147: The property name ForeColorFixed in vsLocal is invalid.
Line 148: The property name BackColorSel in vsLocal is invalid.
Line 149: The property name ForeColorSel in vsLocal is invalid.
Line 150: The property name BackColorBkg in vsLocal is invalid.
Line 151: The property name BackColorAlternate in vsLocal is invalid.
Line 152: The property name GridColor in vsLocal is invalid.
Line 153: The property name GridColorFixed in vsLocal is invalid.
Line 154: The property name TreeColor in vsLocal is invalid.
Line 155: The property name FloodColor in vsLocal is invalid.
Line 156: The property name SheetBorder in vsLocal is invalid.
Line 157: The property name FocusRect in vsLocal is invalid.
Line 158: The property name HighLight in vsLocal is invalid.
Line 159: The property name AllowSelection in vsLocal is invalid.
Line 160: The property name AllowBigSelection in vsLocal is invalid.
Line 161: The property name AllowUserResizing in vsLocal is invalid.
Line 162: The property name SelectionMode in vsLocal is invalid.
Line 163: The property name GridLines in vsLocal is invalid.
Line 164: The property name GridLinesFixed in vsLocal is invalid.
Line 165: The property name GridLineWidth in vsLocal is invalid.
Line 166: The property name Rows in vsLocal is invalid.
Line 167: The property name Cols in vsLocal is invalid.
Line 168: The property name FixedRows in vsLocal is invalid.
Line 169: The property name FixedCols in vsLocal is invalid.
Line 170: The property name RowHeightMin in vsLocal is invalid.
Line 171: The property name RowHeightMax in vsLocal is invalid.
Line 172: The property name ColWidthMin in vsLocal is invalid.
Line 173: The property name ColWidthMax in vsLocal is invalid.
Line 174: The property name ExtendLastCol in vsLocal is invalid.
Line 175: The property name FormatString in vsLocal is invalid.
Line 176: The property name ScrollTrack in vsLocal is invalid.
Line 177: The property name ScrollBars in vsLocal is invalid.
Line 178: The property name ScrollTips in vsLocal is invalid.
Line 179: The property name MergeCells in vsLocal is invalid.
Line 180: The property name MergeCompare in vsLocal is invalid.
Line 181: The property name AutoResize in vsLocal is invalid.
Line 182: The property name AutoSizeMode in vsLocal is invalid.
Line 183: The property name AutoSearch in vsLocal is invalid.
Line 184: The property name MultiTotals in vsLocal is invalid.
Line 185: The property name SubtotalPosition in vsLocal is invalid.
Line 186: The property name OutlineBar in vsLocal is invalid.
Line 187: The property name OutlineCol in vsLocal is invalid.
Line 188: The property name Ellipsis in vsLocal is invalid.
Line 189: The property name ExplorerBar in vsLocal is invalid.
Line 190: The property name PicturesOver in vsLocal is invalid.
Line 193: The property name PictureType in vsLocal is invalid.
Line 194: The property name TabBehavior in vsLocal is invalid.
Line 195: The property name OwnerDraw in vsLocal is invalid.
Line 196: The property name Editable in vsLocal is invalid.
Line 197: The property name ShowComboButton in vsLocal is invalid.
Line 198: The property name WordWrap in vsLocal is invalid.
Line 199: The property name TextStyle in vsLocal is invalid.
Line 200: The property name TextStyleFixed in vsLocal is invalid.
Line 203: The property name DataMode in vsLocal is invalid.
Line 204: The property name VirtualData in vsLocal is invalid.
Line 212: The property name _ExtentX in vsConsulta is invalid.
Line 213: The property name _ExtentY in vsConsulta is invalid.
Line 214: The property name _ConvInfo in vsConsulta is invalid.
Line 230: The property name BackColorFixed in vsConsulta is invalid.
Line 231: The property name ForeColorFixed in vsConsulta is invalid.
Line 232: The property name BackColorSel in vsConsulta is invalid.
Line 233: The property name ForeColorSel in vsConsulta is invalid.
Line 234: The property name BackColorBkg in vsConsulta is invalid.
Line 235: The property name BackColorAlternate in vsConsulta is invalid.
Line 236: The property name GridColor in vsConsulta is invalid.
Line 237: The property name GridColorFixed in vsConsulta is invalid.
Line 238: The property name TreeColor in vsConsulta is invalid.
Line 239: The property name FloodColor in vsConsulta is invalid.
Line 240: The property name SheetBorder in vsConsulta is invalid.
Line 241: The property name FocusRect in vsConsulta is invalid.
Line 242: The property name HighLight in vsConsulta is invalid.
Line 243: The property name AllowSelection in vsConsulta is invalid.
Line 244: The property name AllowBigSelection in vsConsulta is invalid.
Line 245: The property name AllowUserResizing in vsConsulta is invalid.
Line 246: The property name SelectionMode in vsConsulta is invalid.
Line 247: The property name GridLines in vsConsulta is invalid.
Line 248: The property name GridLinesFixed in vsConsulta is invalid.
Line 249: The property name GridLineWidth in vsConsulta is invalid.
Line 250: The property name Rows in vsConsulta is invalid.
Line 251: The property name Cols in vsConsulta is invalid.
Line 252: The property name FixedRows in vsConsulta is invalid.
Line 253: The property name FixedCols in vsConsulta is invalid.
Line 254: The property name RowHeightMin in vsConsulta is invalid.
Line 255: The property name RowHeightMax in vsConsulta is invalid.
Line 256: The property name ColWidthMin in vsConsulta is invalid.
Line 257: The property name ColWidthMax in vsConsulta is invalid.
Line 258: The property name ExtendLastCol in vsConsulta is invalid.
Line 259: The property name FormatString in vsConsulta is invalid.
Line 260: The property name ScrollTrack in vsConsulta is invalid.
Line 261: The property name ScrollBars in vsConsulta is invalid.
Line 262: The property name ScrollTips in vsConsulta is invalid.
Line 263: The property name MergeCells in vsConsulta is invalid.
Line 264: The property name MergeCompare in vsConsulta is invalid.
Line 265: The property name AutoResize in vsConsulta is invalid.
Line 266: The property name AutoSizeMode in vsConsulta is invalid.
Line 267: The property name AutoSearch in vsConsulta is invalid.
Line 268: The property name MultiTotals in vsConsulta is invalid.
Line 269: The property name SubtotalPosition in vsConsulta is invalid.
Line 270: The property name OutlineBar in vsConsulta is invalid.
Line 271: The property name OutlineCol in vsConsulta is invalid.
Line 272: The property name Ellipsis in vsConsulta is invalid.
Line 273: The property name ExplorerBar in vsConsulta is invalid.
Line 274: The property name PicturesOver in vsConsulta is invalid.
Line 277: The property name PictureType in vsConsulta is invalid.
Line 278: The property name TabBehavior in vsConsulta is invalid.
Line 279: The property name OwnerDraw in vsConsulta is invalid.
Line 280: The property name Editable in vsConsulta is invalid.
Line 281: The property name ShowComboButton in vsConsulta is invalid.
Line 282: The property name WordWrap in vsConsulta is invalid.
Line 283: The property name TextStyle in vsConsulta is invalid.
Line 284: The property name TextStyleFixed in vsConsulta is invalid.
Line 287: The property name DataMode in vsConsulta is invalid.
Line 288: The property name VirtualData in vsConsulta is invalid.
Line 296: The property name _Version in vsListado is invalid.
Line 297: The property name _ExtentX in vsListado is invalid.
Line 298: The property name _ExtentY in vsListado is invalid.
Line 299: The property name _StockProps in vsListado is invalid.
Line 310: The property name HdrFont in vsListado is invalid.
Line 311: The property name ConvInfo in vsListado is invalid.
Line 312: The property name Zoom in vsListado is invalid.
Line 313: The property name EmptyColor in vsListado is invalid.
Line 314: The property name AbortWindowPos in vsListado is invalid.
Line 315: The property name AbortWindowPos in vsListado is invalid.
Line 324: The property name _ExtentX in Status is invalid.
Line 325: The property name _ExtentY in Status is invalid.
Line 326: The property name _Version in Status is invalid.
Line 340: The property name Panels in Status is invalid.
Line 365: The property name _ExtentX in tArticulo is invalid.
Line 366: The property name _ExtentY in tArticulo is invalid.
Line 377: The property name FindNombreEnUso in tArticulo is invalid.
Line 461: The property name _ExtentX in imgExplore is invalid.
Line 462: The property name _ExtentY in imgExplore is invalid.
Line 464: The property name ImageWidth in imgExplore is invalid.
Line 465: The property name ImageHeight in imgExplore is invalid.
Line 466: The property name MaskColor in imgExplore is invalid.
Line 467: The property name _Version in imgExplore is invalid.
Line 534: The property name Images in imgExplore is invalid.
Line 543: The property name _ExtentX in tbExplorer is invalid.
Line 544: The property name _ExtentY in tbExplorer is invalid.
Line 545: The property name ButtonWidth in tbExplorer is invalid.
Line 546: The property name ButtonHeight in tbExplorer is invalid.
Line 547: The property name AllowCustomize in tbExplorer is invalid.
Line 548: The property name Wrappable in tbExplorer is invalid.
Line 550: The property name Style in tbExplorer is invalid.
Line 551: The property name _Version in tbExplorer is invalid.
Line 614: The property name Buttons in tbExplorer is invalid.
