Line 27: Class VSFlex6DAOCtl.vsFlexGrid of control vsGrilla was not a loaded control class.
Line 111: Class vsViewLib.vsPrinter of control vsListado was not a loaded control class.
Line 143: Class AACombo99.AACombo of control cMoneda was not a loaded control class.
Line 176: Class AACombo99.AACombo of control cSucursal was not a loaded control class.
Line 370: Class ComctlLib.StatusBar of control Status was not a loaded control class.
Line 33: The property name _ExtentX in vsGrilla is invalid.
Line 34: The property name _ExtentY in vsGrilla is invalid.
Line 35: The property name _ConvInfo in vsGrilla is invalid.
Line 51: The property name BackColorFixed in vsGrilla is invalid.
Line 52: The property name ForeColorFixed in vsGrilla is invalid.
Line 53: The property name BackColorSel in vsGrilla is invalid.
Line 54: The property name ForeColorSel in vsGrilla is invalid.
Line 55: The property name BackColorBkg in vsGrilla is invalid.
Line 56: The property name BackColorAlternate in vsGrilla is invalid.
Line 57: The property name GridColor in vsGrilla is invalid.
Line 58: The property name GridColorFixed in vsGrilla is invalid.
Line 59: The property name TreeColor in vsGrilla is invalid.
Line 60: The property name FloodColor in vsGrilla is invalid.
Line 61: The property name SheetBorder in vsGrilla is invalid.
Line 62: The property name FocusRect in vsGrilla is invalid.
Line 63: The property name HighLight in vsGrilla is invalid.
Line 64: The property name AllowSelection in vsGrilla is invalid.
Line 65: The property name AllowBigSelection in vsGrilla is invalid.
Line 66: The property name AllowUserResizing in vsGrilla is invalid.
Line 67: The property name SelectionMode in vsGrilla is invalid.
Line 68: The property name GridLines in vsGrilla is invalid.
Line 69: The property name GridLinesFixed in vsGrilla is invalid.
Line 70: The property name GridLineWidth in vsGrilla is invalid.
Line 71: The property name Rows in vsGrilla is invalid.
Line 72: The property name Cols in vsGrilla is invalid.
Line 73: The property name FixedRows in vsGrilla is invalid.
Line 74: The property name FixedCols in vsGrilla is invalid.
Line 75: The property name RowHeightMin in vsGrilla is invalid.
Line 76: The property name RowHeightMax in vsGrilla is invalid.
Line 77: The property name ColWidthMin in vsGrilla is invalid.
Line 78: The property name ColWidthMax in vsGrilla is invalid.
Line 79: The property name ExtendLastCol in vsGrilla is invalid.
Line 80: The property name FormatString in vsGrilla is invalid.
Line 81: The property name ScrollTrack in vsGrilla is invalid.
Line 82: The property name ScrollBars in vsGrilla is invalid.
Line 83: The property name ScrollTips in vsGrilla is invalid.
Line 84: The property name MergeCells in vsGrilla is invalid.
Line 85: The property name MergeCompare in vsGrilla is invalid.
Line 86: The property name AutoResize in vsGrilla is invalid.
Line 87: The property name AutoSizeMode in vsGrilla is invalid.
Line 88: The property name AutoSearch in vsGrilla is invalid.
Line 89: The property name MultiTotals in vsGrilla is invalid.
Line 90: The property name SubtotalPosition in vsGrilla is invalid.
Line 91: The property name OutlineBar in vsGrilla is invalid.
Line 92: The property name OutlineCol in vsGrilla is invalid.
Line 93: The property name Ellipsis in vsGrilla is invalid.
Line 94: The property name ExplorerBar in vsGrilla is invalid.
Line 95: The property name PicturesOver in vsGrilla is invalid.
Line 98: The property name PictureType in vsGrilla is invalid.
Line 99: The property name TabBehavior in vsGrilla is invalid.
Line 100: The property name OwnerDraw in vsGrilla is invalid.
Line 101: The property name Editable in vsGrilla is invalid.
Line 102: The property name ShowComboButton in vsGrilla is invalid.
Line 103: The property name WordWrap in vsGrilla is invalid.
Line 104: The property name TextStyle in vsGrilla is invalid.
Line 105: The property name TextStyleFixed in vsGrilla is invalid.
Line 108: The property name DataMode in vsGrilla is invalid.
Line 109: The property name VirtualData in vsGrilla is invalid.
Line 117: The property name _Version in vsListado is invalid.
Line 118: The property name _ExtentX in vsListado is invalid.
Line 119: The property name _ExtentY in vsListado is invalid.
Line 120: The property name _StockProps in vsListado is invalid.
Line 130: The property name HdrFont in vsListado is invalid.
Line 131: The property name ConvInfo in vsListado is invalid.
Line 132: The property name PreviewMode in vsListado is invalid.
Line 133: The property name Zoom in vsListado is invalid.
Line 149: The property name _ExtentX in cMoneda is invalid.
Line 150: The property name _ExtentY in cMoneda is invalid.
Line 151: The property name ListIndex in cMoneda is invalid.
Line 182: The property name _ExtentX in cSucursal is invalid.
Line 183: The property name _ExtentY in cSucursal is invalid.
Line 184: The property name ListIndex in cSucursal is invalid.
Line 194: The property name Text in cSucursal is invalid.
Line 248: Property Picture in bConfigurar could not be set.
Line 259: Property Picture in bZMenos could not be set.
Line 270: Property Picture in bZMas could not be set.
Line 281: Property Picture in bUltima could not be set.
Line 302: Property Picture in bImprimir had an invalid file reference.
Line 313: Property Picture in bNoFiltros had an invalid file reference.
Line 324: Property Picture in bCancelar had an invalid file reference.
Line 335: Property Picture in bConsultar had an invalid file reference.
Line 346: Property Picture in bAnterior had an invalid file reference.
Line 357: Property Picture in bSiguiente had an invalid file reference.
Line 368: Property Picture in bPrimero had an invalid file reference.
Line 377: The property name _ExtentX in Status is invalid.
Line 378: The property name _ExtentY in Status is invalid.
Line 379: The property name SimpleText in Status is invalid.
Line 380: The property name _Version in Status is invalid.
Line 397: The property name Panels in Status is invalid.
