Line 26: Class MSComctlLib.ImageList of control img16 was not a loaded control class.
Line 66: Class MSComctlLib.ImageList of control imlIcons was not a loaded control class.
Line 100: Class VSFlex6DAOCtl.vsFlexGrid of control vsGridArt was not a loaded control class.
Line 185: Class VSFlex6DAOCtl.vsFlexGrid of control vsGrid was not a loaded control class.
Line 29: The property name _ExtentX in img16 is invalid.
Line 30: The property name _ExtentY in img16 is invalid.
Line 32: The property name ImageWidth in img16 is invalid.
Line 33: The property name ImageHeight in img16 is invalid.
Line 34: The property name MaskColor in img16 is invalid.
Line 35: The property name _Version in img16 is invalid.
Line 42: The property name Images in img16 is invalid.
Line 69: The property name _ExtentX in imlIcons is invalid.
Line 70: The property name _ExtentY in imlIcons is invalid.
Line 72: The property name ImageWidth in imlIcons is invalid.
Line 73: The property name ImageHeight in imlIcons is invalid.
Line 74: The property name MaskColor in imlIcons is invalid.
Line 75: The property name _Version in imlIcons is invalid.
Line 98: The property name Images in imlIcons is invalid.
Line 107: The property name _ExtentX in vsGridArt is invalid.
Line 108: The property name _ExtentY in vsGridArt is invalid.
Line 109: The property name _ConvInfo in vsGridArt is invalid.
Line 125: The property name BackColorFixed in vsGridArt is invalid.
Line 126: The property name ForeColorFixed in vsGridArt is invalid.
Line 127: The property name BackColorSel in vsGridArt is invalid.
Line 128: The property name ForeColorSel in vsGridArt is invalid.
Line 129: The property name BackColorBkg in vsGridArt is invalid.
Line 130: The property name BackColorAlternate in vsGridArt is invalid.
Line 131: The property name GridColor in vsGridArt is invalid.
Line 132: The property name GridColorFixed in vsGridArt is invalid.
Line 133: The property name TreeColor in vsGridArt is invalid.
Line 134: The property name FloodColor in vsGridArt is invalid.
Line 135: The property name SheetBorder in vsGridArt is invalid.
Line 136: The property name FocusRect in vsGridArt is invalid.
Line 137: The property name HighLight in vsGridArt is invalid.
Line 138: The property name AllowSelection in vsGridArt is invalid.
Line 139: The property name AllowBigSelection in vsGridArt is invalid.
Line 140: The property name AllowUserResizing in vsGridArt is invalid.
Line 141: The property name SelectionMode in vsGridArt is invalid.
Line 142: The property name GridLines in vsGridArt is invalid.
Line 143: The property name GridLinesFixed in vsGridArt is invalid.
Line 144: The property name GridLineWidth in vsGridArt is invalid.
Line 145: The property name Rows in vsGridArt is invalid.
Line 146: The property name Cols in vsGridArt is invalid.
Line 147: The property name FixedRows in vsGridArt is invalid.
Line 148: The property name FixedCols in vsGridArt is invalid.
Line 149: The property name RowHeightMin in vsGridArt is invalid.
Line 150: The property name RowHeightMax in vsGridArt is invalid.
Line 151: The property name ColWidthMin in vsGridArt is invalid.
Line 152: The property name ColWidthMax in vsGridArt is invalid.
Line 153: The property name ExtendLastCol in vsGridArt is invalid.
Line 154: The property name FormatString in vsGridArt is invalid.
Line 155: The property name ScrollTrack in vsGridArt is invalid.
Line 156: The property name ScrollBars in vsGridArt is invalid.
Line 157: The property name ScrollTips in vsGridArt is invalid.
Line 158: The property name MergeCells in vsGridArt is invalid.
Line 159: The property name MergeCompare in vsGridArt is invalid.
Line 160: The property name AutoResize in vsGridArt is invalid.
Line 161: The property name AutoSizeMode in vsGridArt is invalid.
Line 162: The property name AutoSearch in vsGridArt is invalid.
Line 163: The property name MultiTotals in vsGridArt is invalid.
Line 164: The property name SubtotalPosition in vsGridArt is invalid.
Line 165: The property name OutlineBar in vsGridArt is invalid.
Line 166: The property name OutlineCol in vsGridArt is invalid.
Line 167: The property name Ellipsis in vsGridArt is invalid.
Line 168: The property name ExplorerBar in vsGridArt is invalid.
Line 169: The property name PicturesOver in vsGridArt is invalid.
Line 172: The property name PictureType in vsGridArt is invalid.
Line 173: The property name TabBehavior in vsGridArt is invalid.
Line 174: The property name OwnerDraw in vsGridArt is invalid.
Line 175: The property name Editable in vsGridArt is invalid.
Line 176: The property name ShowComboButton in vsGridArt is invalid.
Line 177: The property name WordWrap in vsGridArt is invalid.
Line 178: The property name TextStyle in vsGridArt is invalid.
Line 179: The property name TextStyleFixed in vsGridArt is invalid.
Line 182: The property name DataMode in vsGridArt is invalid.
Line 183: The property name VirtualData in vsGridArt is invalid.
Line 192: The property name _ExtentX in vsGrid is invalid.
Line 193: The property name _ExtentY in vsGrid is invalid.
Line 194: The property name _ConvInfo in vsGrid is invalid.
Line 210: The property name BackColorFixed in vsGrid is invalid.
Line 211: The property name ForeColorFixed in vsGrid is invalid.
Line 212: The property name BackColorSel in vsGrid is invalid.
Line 213: The property name ForeColorSel in vsGrid is invalid.
Line 214: The property name BackColorBkg in vsGrid is invalid.
Line 215: The property name BackColorAlternate in vsGrid is invalid.
Line 216: The property name GridColor in vsGrid is invalid.
Line 217: The property name GridColorFixed in vsGrid is invalid.
Line 218: The property name TreeColor in vsGrid is invalid.
Line 219: The property name FloodColor in vsGrid is invalid.
Line 220: The property name SheetBorder in vsGrid is invalid.
Line 221: The property name FocusRect in vsGrid is invalid.
Line 222: The property name HighLight in vsGrid is invalid.
Line 223: The property name AllowSelection in vsGrid is invalid.
Line 224: The property name AllowBigSelection in vsGrid is invalid.
Line 225: The property name AllowUserResizing in vsGrid is invalid.
Line 226: The property name SelectionMode in vsGrid is invalid.
Line 227: The property name GridLines in vsGrid is invalid.
Line 228: The property name GridLinesFixed in vsGrid is invalid.
Line 229: The property name GridLineWidth in vsGrid is invalid.
Line 230: The property name Rows in vsGrid is invalid.
Line 231: The property name Cols in vsGrid is invalid.
Line 232: The property name FixedRows in vsGrid is invalid.
Line 233: The property name FixedCols in vsGrid is invalid.
Line 234: The property name RowHeightMin in vsGrid is invalid.
Line 235: The property name RowHeightMax in vsGrid is invalid.
Line 236: The property name ColWidthMin in vsGrid is invalid.
Line 237: The property name ColWidthMax in vsGrid is invalid.
Line 238: The property name ExtendLastCol in vsGrid is invalid.
Line 239: The property name FormatString in vsGrid is invalid.
Line 240: The property name ScrollTrack in vsGrid is invalid.
Line 241: The property name ScrollBars in vsGrid is invalid.
Line 242: The property name ScrollTips in vsGrid is invalid.
Line 243: The property name MergeCells in vsGrid is invalid.
Line 244: The property name MergeCompare in vsGrid is invalid.
Line 245: The property name AutoResize in vsGrid is invalid.
Line 246: The property name AutoSizeMode in vsGrid is invalid.
Line 247: The property name AutoSearch in vsGrid is invalid.
Line 248: The property name MultiTotals in vsGrid is invalid.
Line 249: The property name SubtotalPosition in vsGrid is invalid.
Line 250: The property name OutlineBar in vsGrid is invalid.
Line 251: The property name OutlineCol in vsGrid is invalid.
Line 252: The property name Ellipsis in vsGrid is invalid.
Line 253: The property name ExplorerBar in vsGrid is invalid.
Line 254: The property name PicturesOver in vsGrid is invalid.
Line 257: The property name PictureType in vsGrid is invalid.
Line 258: The property name TabBehavior in vsGrid is invalid.
Line 259: The property name OwnerDraw in vsGrid is invalid.
Line 260: The property name Editable in vsGrid is invalid.
Line 261: The property name ShowComboButton in vsGrid is invalid.
Line 262: The property name WordWrap in vsGrid is invalid.
Line 263: The property name TextStyle in vsGrid is invalid.
Line 264: The property name TextStyleFixed in vsGrid is invalid.
Line 267: The property name DataMode in vsGrid is invalid.
Line 268: The property name VirtualData in vsGrid is invalid.
