Line 28: Class VSFlex6DAOCtl.vsFlexGrid of control vsConsulta was not a loaded control class.
Line 112: Class vsViewLib.vsPrinter of control vsListado was not a loaded control class.
Line 281: Class ComctlLib.StatusBar of control Status was not a loaded control class.
Line 378: Class AACombo99.AACombo of control cEstado was not a loaded control class.
Line 398: Class AACombo99.AACombo of control cLocal was not a loaded control class.
Line 418: Class AACombo99.AACombo of control cCaso was not a loaded control class.
Line 502: Class ComctlLib.ImageList of control ImgList was not a loaded control class.
Line 34: The property name _ExtentX in vsConsulta is invalid.
Line 35: The property name _ExtentY in vsConsulta is invalid.
Line 36: The property name _ConvInfo in vsConsulta is invalid.
Line 52: The property name BackColorFixed in vsConsulta is invalid.
Line 53: The property name ForeColorFixed in vsConsulta is invalid.
Line 54: The property name BackColorSel in vsConsulta is invalid.
Line 55: The property name ForeColorSel in vsConsulta is invalid.
Line 56: The property name BackColorBkg in vsConsulta is invalid.
Line 57: The property name BackColorAlternate in vsConsulta is invalid.
Line 58: The property name GridColor in vsConsulta is invalid.
Line 59: The property name GridColorFixed in vsConsulta is invalid.
Line 60: The property name TreeColor in vsConsulta is invalid.
Line 61: The property name FloodColor in vsConsulta is invalid.
Line 62: The property name SheetBorder in vsConsulta is invalid.
Line 63: The property name FocusRect in vsConsulta is invalid.
Line 64: The property name HighLight in vsConsulta is invalid.
Line 65: The property name AllowSelection in vsConsulta is invalid.
Line 66: The property name AllowBigSelection in vsConsulta is invalid.
Line 67: The property name AllowUserResizing in vsConsulta is invalid.
Line 68: The property name SelectionMode in vsConsulta is invalid.
Line 69: The property name GridLines in vsConsulta is invalid.
Line 70: The property name GridLinesFixed in vsConsulta is invalid.
Line 71: The property name GridLineWidth in vsConsulta is invalid.
Line 72: The property name Rows in vsConsulta is invalid.
Line 73: The property name Cols in vsConsulta is invalid.
Line 74: The property name FixedRows in vsConsulta is invalid.
Line 75: The property name FixedCols in vsConsulta is invalid.
Line 76: The property name RowHeightMin in vsConsulta is invalid.
Line 77: The property name RowHeightMax in vsConsulta is invalid.
Line 78: The property name ColWidthMin in vsConsulta is invalid.
Line 79: The property name ColWidthMax in vsConsulta is invalid.
Line 80: The property name ExtendLastCol in vsConsulta is invalid.
Line 81: The property name FormatString in vsConsulta is invalid.
Line 82: The property name ScrollTrack in vsConsulta is invalid.
Line 83: The property name ScrollBars in vsConsulta is invalid.
Line 84: The property name ScrollTips in vsConsulta is invalid.
Line 85: The property name MergeCells in vsConsulta is invalid.
Line 86: The property name MergeCompare in vsConsulta is invalid.
Line 87: The property name AutoResize in vsConsulta is invalid.
Line 88: The property name AutoSizeMode in vsConsulta is invalid.
Line 89: The property name AutoSearch in vsConsulta is invalid.
Line 90: The property name MultiTotals in vsConsulta is invalid.
Line 91: The property name SubtotalPosition in vsConsulta is invalid.
Line 92: The property name OutlineBar in vsConsulta is invalid.
Line 93: The property name OutlineCol in vsConsulta is invalid.
Line 94: The property name Ellipsis in vsConsulta is invalid.
Line 95: The property name ExplorerBar in vsConsulta is invalid.
Line 96: The property name PicturesOver in vsConsulta is invalid.
Line 99: The property name PictureType in vsConsulta is invalid.
Line 100: The property name TabBehavior in vsConsulta is invalid.
Line 101: The property name OwnerDraw in vsConsulta is invalid.
Line 102: The property name Editable in vsConsulta is invalid.
Line 103: The property name ShowComboButton in vsConsulta is invalid.
Line 104: The property name WordWrap in vsConsulta is invalid.
Line 105: The property name TextStyle in vsConsulta is invalid.
Line 106: The property name TextStyleFixed in vsConsulta is invalid.
Line 109: The property name DataMode in vsConsulta is invalid.
Line 110: The property name VirtualData in vsConsulta is invalid.
Line 118: The property name _Version in vsListado is invalid.
Line 119: The property name _ExtentX in vsListado is invalid.
Line 120: The property name _ExtentY in vsListado is invalid.
Line 121: The property name _StockProps in vsListado is invalid.
Line 133: The property name HdrFont in vsListado is invalid.
Line 134: The property name ConvInfo in vsListado is invalid.
Line 135: The property name PreviewMode in vsListado is invalid.
Line 136: The property name Zoom in vsListado is invalid.
Line 137: The property name EmptyColor in vsListado is invalid.
Line 138: The property name AbortWindowPos in vsListado is invalid.
Line 139: The property name AbortWindowPos in vsListado is invalid.
Line 162: Property Picture in bGrabar could not be set.
Line 172: Property Picture in chVista could not be set.
Line 172: Property DownPicture in chVista could not be set.
Line 193: Property Picture in bZMas could not be set.
Line 204: Property Picture in bUltima could not be set.
Line 215: Property Picture in bImprimir could not be set.
Line 226: Property Picture in bSalir could not be set.
Line 237: Property Picture in bNuevo could not be set.
Line 247: Property Picture in bAnterior could not be set.
Line 258: Property Picture in bSiguiente could not be set.
Line 269: Property Picture in bPrimero could not be set.
Line 288: The property name _ExtentX in Status is invalid.
Line 289: The property name _ExtentY in Status is invalid.
Line 290: The property name SimpleText in Status is invalid.
Line 291: The property name _Version in Status is invalid.
Line 300: The property name Panels in Status is invalid.
Line 384: The property name _ExtentX in cEstado is invalid.
Line 385: The property name _ExtentY in cEstado is invalid.
Line 386: The property name ListIndex in cEstado is invalid.
Line 396: The property name Text in cEstado is invalid.
Line 404: The property name _ExtentX in cLocal is invalid.
Line 405: The property name _ExtentY in cLocal is invalid.
Line 406: The property name ListIndex in cLocal is invalid.
Line 416: The property name Text in cLocal is invalid.
Line 424: The property name _ExtentX in cCaso is invalid.
Line 425: The property name _ExtentY in cCaso is invalid.
Line 426: The property name ListIndex in cCaso is invalid.
Line 436: The property name Text in cCaso is invalid.
Line 505: The property name _ExtentX in ImgList is invalid.
Line 506: The property name _ExtentY in ImgList is invalid.
Line 508: The property name ImageWidth in ImgList is invalid.
Line 509: The property name ImageHeight in ImgList is invalid.
Line 510: The property name MaskColor in ImgList is invalid.
Line 511: The property name _Version in ImgList is invalid.
Line 522: The property name Images in ImgList is invalid.
