Line 35: Class VSFlex6DAOCtl.vsFlexGrid of control vsLocal was not a loaded control class.
Line 119: Class VSFlex6DAOCtl.vsFlexGrid of control vsConsulta was not a loaded control class.
Line 203: Class vsViewLib.vsPrinter of control vsListado was not a loaded control class.
Line 230: Class MSComctlLib.StatusBar of control Status was not a loaded control class.
Line 324: Class MSComctlLib.ImageList of control imgExplore was not a loaded control class.
Line 398: Class MSComctlLib.Toolbar of control tbExplorer was not a loaded control class.
Line 41: The property name _ExtentX in vsLocal is invalid.
Line 42: The property name _ExtentY in vsLocal is invalid.
Line 43: The property name _ConvInfo in vsLocal is invalid.
Line 59: The property name BackColorFixed in vsLocal is invalid.
Line 60: The property name ForeColorFixed in vsLocal is invalid.
Line 61: The property name BackColorSel in vsLocal is invalid.
Line 62: The property name ForeColorSel in vsLocal is invalid.
Line 63: The property name BackColorBkg in vsLocal is invalid.
Line 64: The property name BackColorAlternate in vsLocal is invalid.
Line 65: The property name GridColor in vsLocal is invalid.
Line 66: The property name GridColorFixed in vsLocal is invalid.
Line 67: The property name TreeColor in vsLocal is invalid.
Line 68: The property name FloodColor in vsLocal is invalid.
Line 69: The property name SheetBorder in vsLocal is invalid.
Line 70: The property name FocusRect in vsLocal is invalid.
Line 71: The property name HighLight in vsLocal is invalid.
Line 72: The property name AllowSelection in vsLocal is invalid.
Line 73: The property name AllowBigSelection in vsLocal is invalid.
Line 74: The property name AllowUserResizing in vsLocal is invalid.
Line 75: The property name SelectionMode in vsLocal is invalid.
Line 76: The property name GridLines in vsLocal is invalid.
Line 77: The property name GridLinesFixed in vsLocal is invalid.
Line 78: The property name GridLineWidth in vsLocal is invalid.
Line 79: The property name Rows in vsLocal is invalid.
Line 80: The property name Cols in vsLocal is invalid.
Line 81: The property name FixedRows in vsLocal is invalid.
Line 82: The property name FixedCols in vsLocal is invalid.
Line 83: The property name RowHeightMin in vsLocal is invalid.
Line 84: The property name RowHeightMax in vsLocal is invalid.
Line 85: The property name ColWidthMin in vsLocal is invalid.
Line 86: The property name ColWidthMax in vsLocal is invalid.
Line 87: The property name ExtendLastCol in vsLocal is invalid.
Line 88: The property name FormatString in vsLocal is invalid.
Line 89: The property name ScrollTrack in vsLocal is invalid.
Line 90: The property name ScrollBars in vsLocal is invalid.
Line 91: The property name ScrollTips in vsLocal is invalid.
Line 92: The property name MergeCells in vsLocal is invalid.
Line 93: The property name MergeCompare in vsLocal is invalid.
Line 94: The property name AutoResize in vsLocal is invalid.
Line 95: The property name AutoSizeMode in vsLocal is invalid.
Line 96: The property name AutoSearch in vsLocal is invalid.
Line 97: The property name MultiTotals in vsLocal is invalid.
Line 98: The property name SubtotalPosition in vsLocal is invalid.
Line 99: The property name OutlineBar in vsLocal is invalid.
Line 100: The property name OutlineCol in vsLocal is invalid.
Line 101: The property name Ellipsis in vsLocal is invalid.
Line 102: The property name ExplorerBar in vsLocal is invalid.
Line 103: The property name PicturesOver in vsLocal is invalid.
Line 106: The property name PictureType in vsLocal is invalid.
Line 107: The property name TabBehavior in vsLocal is invalid.
Line 108: The property name OwnerDraw in vsLocal is invalid.
Line 109: The property name Editable in vsLocal is invalid.
Line 110: The property name ShowComboButton in vsLocal is invalid.
Line 111: The property name WordWrap in vsLocal is invalid.
Line 112: The property name TextStyle in vsLocal is invalid.
Line 113: The property name TextStyleFixed in vsLocal is invalid.
Line 116: The property name DataMode in vsLocal is invalid.
Line 117: The property name VirtualData in vsLocal is invalid.
Line 125: The property name _ExtentX in vsConsulta is invalid.
Line 126: The property name _ExtentY in vsConsulta is invalid.
Line 127: The property name _ConvInfo in vsConsulta is invalid.
Line 143: The property name BackColorFixed in vsConsulta is invalid.
Line 144: The property name ForeColorFixed in vsConsulta is invalid.
Line 145: The property name BackColorSel in vsConsulta is invalid.
Line 146: The property name ForeColorSel in vsConsulta is invalid.
Line 147: The property name BackColorBkg in vsConsulta is invalid.
Line 148: The property name BackColorAlternate in vsConsulta is invalid.
Line 149: The property name GridColor in vsConsulta is invalid.
Line 150: The property name GridColorFixed in vsConsulta is invalid.
Line 151: The property name TreeColor in vsConsulta is invalid.
Line 152: The property name FloodColor in vsConsulta is invalid.
Line 153: The property name SheetBorder in vsConsulta is invalid.
Line 154: The property name FocusRect in vsConsulta is invalid.
Line 155: The property name HighLight in vsConsulta is invalid.
Line 156: The property name AllowSelection in vsConsulta is invalid.
Line 157: The property name AllowBigSelection in vsConsulta is invalid.
Line 158: The property name AllowUserResizing in vsConsulta is invalid.
Line 159: The property name SelectionMode in vsConsulta is invalid.
Line 160: The property name GridLines in vsConsulta is invalid.
Line 161: The property name GridLinesFixed in vsConsulta is invalid.
Line 162: The property name GridLineWidth in vsConsulta is invalid.
Line 163: The property name Rows in vsConsulta is invalid.
Line 164: The property name Cols in vsConsulta is invalid.
Line 165: The property name FixedRows in vsConsulta is invalid.
Line 166: The property name FixedCols in vsConsulta is invalid.
Line 167: The property name RowHeightMin in vsConsulta is invalid.
Line 168: The property name RowHeightMax in vsConsulta is invalid.
Line 169: The property name ColWidthMin in vsConsulta is invalid.
Line 170: The property name ColWidthMax in vsConsulta is invalid.
Line 171: The property name ExtendLastCol in vsConsulta is invalid.
Line 172: The property name FormatString in vsConsulta is invalid.
Line 173: The property name ScrollTrack in vsConsulta is invalid.
Line 174: The property name ScrollBars in vsConsulta is invalid.
Line 175: The property name ScrollTips in vsConsulta is invalid.
Line 176: The property name MergeCells in vsConsulta is invalid.
Line 177: The property name MergeCompare in vsConsulta is invalid.
Line 178: The property name AutoResize in vsConsulta is invalid.
Line 179: The property name AutoSizeMode in vsConsulta is invalid.
Line 180: The property name AutoSearch in vsConsulta is invalid.
Line 181: The property name MultiTotals in vsConsulta is invalid.
Line 182: The property name SubtotalPosition in vsConsulta is invalid.
Line 183: The property name OutlineBar in vsConsulta is invalid.
Line 184: The property name OutlineCol in vsConsulta is invalid.
Line 185: The property name Ellipsis in vsConsulta is invalid.
Line 186: The property name ExplorerBar in vsConsulta is invalid.
Line 187: The property name PicturesOver in vsConsulta is invalid.
Line 190: The property name PictureType in vsConsulta is invalid.
Line 191: The property name TabBehavior in vsConsulta is invalid.
Line 192: The property name OwnerDraw in vsConsulta is invalid.
Line 193: The property name Editable in vsConsulta is invalid.
Line 194: The property name ShowComboButton in vsConsulta is invalid.
Line 195: The property name WordWrap in vsConsulta is invalid.
Line 196: The property name TextStyle in vsConsulta is invalid.
Line 197: The property name TextStyleFixed in vsConsulta is invalid.
Line 200: The property name DataMode in vsConsulta is invalid.
Line 201: The property name VirtualData in vsConsulta is invalid.
Line 209: The property name _Version in vsListado is invalid.
Line 210: The property name _ExtentX in vsListado is invalid.
Line 211: The property name _ExtentY in vsListado is invalid.
Line 212: The property name _StockProps in vsListado is invalid.
Line 223: The property name HdrFont in vsListado is invalid.
Line 224: The property name ConvInfo in vsListado is invalid.
Line 225: The property name Zoom in vsListado is invalid.
Line 226: The property name EmptyColor in vsListado is invalid.
Line 227: The property name AbortWindowPos in vsListado is invalid.
Line 228: The property name AbortWindowPos in vsListado is invalid.
Line 237: The property name _ExtentX in Status is invalid.
Line 238: The property name _ExtentY in Status is invalid.
Line 239: The property name _Version in Status is invalid.
Line 253: The property name Panels in Status is invalid.
Line 327: The property name _ExtentX in imgExplore is invalid.
Line 328: The property name _ExtentY in imgExplore is invalid.
Line 330: The property name ImageWidth in imgExplore is invalid.
Line 331: The property name ImageHeight in imgExplore is invalid.
Line 332: The property name MaskColor in imgExplore is invalid.
Line 333: The property name _Version in imgExplore is invalid.
Line 396: The property name Images in imgExplore is invalid.
Line 405: The property name _ExtentX in tbExplorer is invalid.
Line 406: The property name _ExtentY in tbExplorer is invalid.
Line 407: The property name ButtonWidth in tbExplorer is invalid.
Line 408: The property name ButtonHeight in tbExplorer is invalid.
Line 409: The property name AllowCustomize in tbExplorer is invalid.
Line 410: The property name Wrappable in tbExplorer is invalid.
Line 412: The property name Style in tbExplorer is invalid.
Line 413: The property name _Version in tbExplorer is invalid.
Line 469: The property name Buttons in tbExplorer is invalid.
